0 info it worked if it ends with ok
1 verbose cli [ '/usr/local/bin/node', '/usr/local/bin/npm', 'install' ]
2 info using npm@1.4.3
3 info using node@v0.10.26
4 warn package.json foreman-test@0.0.0 No repository field.
5 verbose readDependencies using package.json deps
6 verbose install where, deps [ '/home/joseph/www/foreman-test',
6 verbose install   [ 'connect',
6 verbose install     'connect-livereload',
6 verbose install     'gulp',
6 verbose install     'gulp-autoprefixer',
6 verbose install     'gulp-bower-files',
6 verbose install     'gulp-cache',
6 verbose install     'gulp-clean',
6 verbose install     'gulp-csso',
6 verbose install     'gulp-filter',
6 verbose install     'gulp-flatten',
6 verbose install     'gulp-imagemin',
6 verbose install     'gulp-jshint',
6 verbose install     'gulp-livereload',
6 verbose install     'gulp-load-plugins',
6 verbose install     'gulp-ruby-sass',
6 verbose install     'gulp-size',
6 verbose install     'gulp-uglify',
6 verbose install     'gulp-useref',
6 verbose install     'jshint-stylish',
6 verbose install     'opn',
6 verbose install     'wiredep',
6 verbose install     'gulp-concat' ] ]
7 info preinstall foreman-test@0.0.0
8 verbose readDependencies using package.json deps
9 verbose cache add [ 'connect@^2.14.4', null ]
10 verbose cache add name=undefined spec="connect@^2.14.4" args=["connect@^2.14.4",null]
11 verbose parsed url { protocol: null,
11 verbose parsed url   slashes: null,
11 verbose parsed url   auth: null,
11 verbose parsed url   host: null,
11 verbose parsed url   port: null,
11 verbose parsed url   hostname: null,
11 verbose parsed url   hash: null,
11 verbose parsed url   search: null,
11 verbose parsed url   query: null,
11 verbose parsed url   pathname: 'connect@^2.14.4',
11 verbose parsed url   path: 'connect@^2.14.4',
11 verbose parsed url   href: 'connect@^2.14.4' }
12 verbose cache add name="connect" spec="^2.14.4" args=["connect","^2.14.4"]
13 verbose parsed url { protocol: null,
13 verbose parsed url   slashes: null,
13 verbose parsed url   auth: null,
13 verbose parsed url   host: null,
13 verbose parsed url   port: null,
13 verbose parsed url   hostname: null,
13 verbose parsed url   hash: null,
13 verbose parsed url   search: null,
13 verbose parsed url   query: null,
13 verbose parsed url   pathname: '^2.14.4',
13 verbose parsed url   path: '^2.14.4',
13 verbose parsed url   href: '^2.14.4' }
14 verbose addNamed [ 'connect', '^2.14.4' ]
15 verbose addNamed [ null, '>=2.14.4-0 <3.0.0-0' ]
16 verbose cache add [ 'connect-livereload@^0.4.0', null ]
17 verbose cache add name=undefined spec="connect-livereload@^0.4.0" args=["connect-livereload@^0.4.0",null]
18 verbose parsed url { protocol: null,
18 verbose parsed url   slashes: null,
18 verbose parsed url   auth: null,
18 verbose parsed url   host: null,
18 verbose parsed url   port: null,
18 verbose parsed url   hostname: null,
18 verbose parsed url   hash: null,
18 verbose parsed url   search: null,
18 verbose parsed url   query: null,
18 verbose parsed url   pathname: 'connect-livereload@^0.4.0',
18 verbose parsed url   path: 'connect-livereload@^0.4.0',
18 verbose parsed url   href: 'connect-livereload@^0.4.0' }
19 verbose cache add name="connect-livereload" spec="^0.4.0" args=["connect-livereload","^0.4.0"]
20 verbose parsed url { protocol: null,
20 verbose parsed url   slashes: null,
20 verbose parsed url   auth: null,
20 verbose parsed url   host: null,
20 verbose parsed url   port: null,
20 verbose parsed url   hostname: null,
20 verbose parsed url   hash: null,
20 verbose parsed url   search: null,
20 verbose parsed url   query: null,
20 verbose parsed url   pathname: '^0.4.0',
20 verbose parsed url   path: '^0.4.0',
20 verbose parsed url   href: '^0.4.0' }
21 verbose addNamed [ 'connect-livereload', '^0.4.0' ]
22 verbose addNamed [ null, '>=0.4.0-0 <0.5.0-0' ]
23 silly lockFile 8acf4547-connect-2-14-4 connect@^2.14.4
24 verbose lock connect@^2.14.4 /home/joseph/.npm/8acf4547-connect-2-14-4.lock
25 silly lockFile 07e39cc6-connect-livereload-0-4-0 connect-livereload@^0.4.0
26 verbose lock connect-livereload@^0.4.0 /home/joseph/.npm/07e39cc6-connect-livereload-0-4-0.lock
27 verbose cache add [ 'gulp-bower-files@^0.2.1', null ]
28 verbose cache add name=undefined spec="gulp-bower-files@^0.2.1" args=["gulp-bower-files@^0.2.1",null]
29 verbose parsed url { protocol: null,
29 verbose parsed url   slashes: null,
29 verbose parsed url   auth: null,
29 verbose parsed url   host: null,
29 verbose parsed url   port: null,
29 verbose parsed url   hostname: null,
29 verbose parsed url   hash: null,
29 verbose parsed url   search: null,
29 verbose parsed url   query: null,
29 verbose parsed url   pathname: 'gulp-bower-files@^0.2.1',
29 verbose parsed url   path: 'gulp-bower-files@^0.2.1',
29 verbose parsed url   href: 'gulp-bower-files@^0.2.1' }
30 verbose cache add name="gulp-bower-files" spec="^0.2.1" args=["gulp-bower-files","^0.2.1"]
31 verbose parsed url { protocol: null,
31 verbose parsed url   slashes: null,
31 verbose parsed url   auth: null,
31 verbose parsed url   host: null,
31 verbose parsed url   port: null,
31 verbose parsed url   hostname: null,
31 verbose parsed url   hash: null,
31 verbose parsed url   search: null,
31 verbose parsed url   query: null,
31 verbose parsed url   pathname: '^0.2.1',
31 verbose parsed url   path: '^0.2.1',
31 verbose parsed url   href: '^0.2.1' }
32 verbose addNamed [ 'gulp-bower-files', '^0.2.1' ]
33 verbose addNamed [ null, '>=0.2.1-0 <0.3.0-0' ]
34 silly lockFile 12823d1d-gulp-bower-files-0-2-1 gulp-bower-files@^0.2.1
35 verbose lock gulp-bower-files@^0.2.1 /home/joseph/.npm/12823d1d-gulp-bower-files-0-2-1.lock
36 verbose cache add [ 'gulp@^3.6.0', null ]
37 verbose cache add name=undefined spec="gulp@^3.6.0" args=["gulp@^3.6.0",null]
38 verbose parsed url { protocol: null,
38 verbose parsed url   slashes: null,
38 verbose parsed url   auth: null,
38 verbose parsed url   host: null,
38 verbose parsed url   port: null,
38 verbose parsed url   hostname: null,
38 verbose parsed url   hash: null,
38 verbose parsed url   search: null,
38 verbose parsed url   query: null,
38 verbose parsed url   pathname: 'gulp@^3.6.0',
38 verbose parsed url   path: 'gulp@^3.6.0',
38 verbose parsed url   href: 'gulp@^3.6.0' }
39 verbose cache add name="gulp" spec="^3.6.0" args=["gulp","^3.6.0"]
40 verbose parsed url { protocol: null,
40 verbose parsed url   slashes: null,
40 verbose parsed url   auth: null,
40 verbose parsed url   host: null,
40 verbose parsed url   port: null,
40 verbose parsed url   hostname: null,
40 verbose parsed url   hash: null,
40 verbose parsed url   search: null,
40 verbose parsed url   query: null,
40 verbose parsed url   pathname: '^3.6.0',
40 verbose parsed url   path: '^3.6.0',
40 verbose parsed url   href: '^3.6.0' }
41 verbose addNamed [ 'gulp', '^3.6.0' ]
42 verbose addNamed [ null, '>=3.6.0-0 <4.0.0-0' ]
43 silly lockFile 75cdcb5c-gulp-3-6-0 gulp@^3.6.0
44 verbose lock gulp@^3.6.0 /home/joseph/.npm/75cdcb5c-gulp-3-6-0.lock
45 verbose cache add [ 'gulp-cache@^0.1.1', null ]
46 verbose cache add name=undefined spec="gulp-cache@^0.1.1" args=["gulp-cache@^0.1.1",null]
47 verbose parsed url { protocol: null,
47 verbose parsed url   slashes: null,
47 verbose parsed url   auth: null,
47 verbose parsed url   host: null,
47 verbose parsed url   port: null,
47 verbose parsed url   hostname: null,
47 verbose parsed url   hash: null,
47 verbose parsed url   search: null,
47 verbose parsed url   query: null,
47 verbose parsed url   pathname: 'gulp-cache@^0.1.1',
47 verbose parsed url   path: 'gulp-cache@^0.1.1',
47 verbose parsed url   href: 'gulp-cache@^0.1.1' }
48 verbose cache add name="gulp-cache" spec="^0.1.1" args=["gulp-cache","^0.1.1"]
49 verbose parsed url { protocol: null,
49 verbose parsed url   slashes: null,
49 verbose parsed url   auth: null,
49 verbose parsed url   host: null,
49 verbose parsed url   port: null,
49 verbose parsed url   hostname: null,
49 verbose parsed url   hash: null,
49 verbose parsed url   search: null,
49 verbose parsed url   query: null,
49 verbose parsed url   pathname: '^0.1.1',
49 verbose parsed url   path: '^0.1.1',
49 verbose parsed url   href: '^0.1.1' }
50 verbose addNamed [ 'gulp-cache', '^0.1.1' ]
51 verbose addNamed [ null, '>=0.1.1-0 <0.2.0-0' ]
52 silly lockFile 11458f5c-gulp-cache-0-1-1 gulp-cache@^0.1.1
53 verbose lock gulp-cache@^0.1.1 /home/joseph/.npm/11458f5c-gulp-cache-0-1-1.lock
54 verbose cache add [ 'gulp-autoprefixer@^0.0.6', null ]
55 verbose cache add name=undefined spec="gulp-autoprefixer@^0.0.6" args=["gulp-autoprefixer@^0.0.6",null]
56 verbose parsed url { protocol: null,
56 verbose parsed url   slashes: null,
56 verbose parsed url   auth: null,
56 verbose parsed url   host: null,
56 verbose parsed url   port: null,
56 verbose parsed url   hostname: null,
56 verbose parsed url   hash: null,
56 verbose parsed url   search: null,
56 verbose parsed url   query: null,
56 verbose parsed url   pathname: 'gulp-autoprefixer@^0.0.6',
56 verbose parsed url   path: 'gulp-autoprefixer@^0.0.6',
56 verbose parsed url   href: 'gulp-autoprefixer@^0.0.6' }
57 verbose cache add name="gulp-autoprefixer" spec="^0.0.6" args=["gulp-autoprefixer","^0.0.6"]
58 verbose parsed url { protocol: null,
58 verbose parsed url   slashes: null,
58 verbose parsed url   auth: null,
58 verbose parsed url   host: null,
58 verbose parsed url   port: null,
58 verbose parsed url   hostname: null,
58 verbose parsed url   hash: null,
58 verbose parsed url   search: null,
58 verbose parsed url   query: null,
58 verbose parsed url   pathname: '^0.0.6',
58 verbose parsed url   path: '^0.0.6',
58 verbose parsed url   href: '^0.0.6' }
59 verbose addNamed [ 'gulp-autoprefixer', '^0.0.6' ]
60 verbose addNamed [ null, '=0.0.6' ]
61 silly lockFile 43c5a803-gulp-autoprefixer-0-0-6 gulp-autoprefixer@^0.0.6
62 verbose lock gulp-autoprefixer@^0.0.6 /home/joseph/.npm/43c5a803-gulp-autoprefixer-0-0-6.lock
63 verbose cache add [ 'gulp-clean@^0.2.4', null ]
64 verbose cache add name=undefined spec="gulp-clean@^0.2.4" args=["gulp-clean@^0.2.4",null]
65 verbose parsed url { protocol: null,
65 verbose parsed url   slashes: null,
65 verbose parsed url   auth: null,
65 verbose parsed url   host: null,
65 verbose parsed url   port: null,
65 verbose parsed url   hostname: null,
65 verbose parsed url   hash: null,
65 verbose parsed url   search: null,
65 verbose parsed url   query: null,
65 verbose parsed url   pathname: 'gulp-clean@^0.2.4',
65 verbose parsed url   path: 'gulp-clean@^0.2.4',
65 verbose parsed url   href: 'gulp-clean@^0.2.4' }
66 verbose cache add name="gulp-clean" spec="^0.2.4" args=["gulp-clean","^0.2.4"]
67 verbose parsed url { protocol: null,
67 verbose parsed url   slashes: null,
67 verbose parsed url   auth: null,
67 verbose parsed url   host: null,
67 verbose parsed url   port: null,
67 verbose parsed url   hostname: null,
67 verbose parsed url   hash: null,
67 verbose parsed url   search: null,
67 verbose parsed url   query: null,
67 verbose parsed url   pathname: '^0.2.4',
67 verbose parsed url   path: '^0.2.4',
67 verbose parsed url   href: '^0.2.4' }
68 verbose addNamed [ 'gulp-clean', '^0.2.4' ]
69 verbose addNamed [ null, '>=0.2.4-0 <0.3.0-0' ]
70 silly lockFile 62d0e43e-gulp-clean-0-2-4 gulp-clean@^0.2.4
71 verbose lock gulp-clean@^0.2.4 /home/joseph/.npm/62d0e43e-gulp-clean-0-2-4.lock
72 verbose cache add [ 'gulp-csso@^0.2.6', null ]
73 verbose cache add name=undefined spec="gulp-csso@^0.2.6" args=["gulp-csso@^0.2.6",null]
74 verbose parsed url { protocol: null,
74 verbose parsed url   slashes: null,
74 verbose parsed url   auth: null,
74 verbose parsed url   host: null,
74 verbose parsed url   port: null,
74 verbose parsed url   hostname: null,
74 verbose parsed url   hash: null,
74 verbose parsed url   search: null,
74 verbose parsed url   query: null,
74 verbose parsed url   pathname: 'gulp-csso@^0.2.6',
74 verbose parsed url   path: 'gulp-csso@^0.2.6',
74 verbose parsed url   href: 'gulp-csso@^0.2.6' }
75 verbose cache add name="gulp-csso" spec="^0.2.6" args=["gulp-csso","^0.2.6"]
76 verbose parsed url { protocol: null,
76 verbose parsed url   slashes: null,
76 verbose parsed url   auth: null,
76 verbose parsed url   host: null,
76 verbose parsed url   port: null,
76 verbose parsed url   hostname: null,
76 verbose parsed url   hash: null,
76 verbose parsed url   search: null,
76 verbose parsed url   query: null,
76 verbose parsed url   pathname: '^0.2.6',
76 verbose parsed url   path: '^0.2.6',
76 verbose parsed url   href: '^0.2.6' }
77 verbose addNamed [ 'gulp-csso', '^0.2.6' ]
78 verbose addNamed [ null, '>=0.2.6-0 <0.3.0-0' ]
79 silly lockFile 0b1a22cf-gulp-csso-0-2-6 gulp-csso@^0.2.6
80 verbose lock gulp-csso@^0.2.6 /home/joseph/.npm/0b1a22cf-gulp-csso-0-2-6.lock
81 verbose cache add [ 'gulp-filter@^0.4.1', null ]
82 verbose cache add name=undefined spec="gulp-filter@^0.4.1" args=["gulp-filter@^0.4.1",null]
83 verbose parsed url { protocol: null,
83 verbose parsed url   slashes: null,
83 verbose parsed url   auth: null,
83 verbose parsed url   host: null,
83 verbose parsed url   port: null,
83 verbose parsed url   hostname: null,
83 verbose parsed url   hash: null,
83 verbose parsed url   search: null,
83 verbose parsed url   query: null,
83 verbose parsed url   pathname: 'gulp-filter@^0.4.1',
83 verbose parsed url   path: 'gulp-filter@^0.4.1',
83 verbose parsed url   href: 'gulp-filter@^0.4.1' }
84 verbose cache add name="gulp-filter" spec="^0.4.1" args=["gulp-filter","^0.4.1"]
85 verbose parsed url { protocol: null,
85 verbose parsed url   slashes: null,
85 verbose parsed url   auth: null,
85 verbose parsed url   host: null,
85 verbose parsed url   port: null,
85 verbose parsed url   hostname: null,
85 verbose parsed url   hash: null,
85 verbose parsed url   search: null,
85 verbose parsed url   query: null,
85 verbose parsed url   pathname: '^0.4.1',
85 verbose parsed url   path: '^0.4.1',
85 verbose parsed url   href: '^0.4.1' }
86 verbose addNamed [ 'gulp-filter', '^0.4.1' ]
87 verbose addNamed [ null, '>=0.4.1-0 <0.5.0-0' ]
88 silly lockFile 82223271-gulp-filter-0-4-1 gulp-filter@^0.4.1
89 verbose lock gulp-filter@^0.4.1 /home/joseph/.npm/82223271-gulp-filter-0-4-1.lock
90 verbose cache add [ 'gulp-flatten@^0.0.2', null ]
91 verbose cache add name=undefined spec="gulp-flatten@^0.0.2" args=["gulp-flatten@^0.0.2",null]
92 verbose parsed url { protocol: null,
92 verbose parsed url   slashes: null,
92 verbose parsed url   auth: null,
92 verbose parsed url   host: null,
92 verbose parsed url   port: null,
92 verbose parsed url   hostname: null,
92 verbose parsed url   hash: null,
92 verbose parsed url   search: null,
92 verbose parsed url   query: null,
92 verbose parsed url   pathname: 'gulp-flatten@^0.0.2',
92 verbose parsed url   path: 'gulp-flatten@^0.0.2',
92 verbose parsed url   href: 'gulp-flatten@^0.0.2' }
93 verbose cache add name="gulp-flatten" spec="^0.0.2" args=["gulp-flatten","^0.0.2"]
94 verbose parsed url { protocol: null,
94 verbose parsed url   slashes: null,
94 verbose parsed url   auth: null,
94 verbose parsed url   host: null,
94 verbose parsed url   port: null,
94 verbose parsed url   hostname: null,
94 verbose parsed url   hash: null,
94 verbose parsed url   search: null,
94 verbose parsed url   query: null,
94 verbose parsed url   pathname: '^0.0.2',
94 verbose parsed url   path: '^0.0.2',
94 verbose parsed url   href: '^0.0.2' }
95 verbose addNamed [ 'gulp-flatten', '^0.0.2' ]
96 verbose addNamed [ null, '=0.0.2' ]
97 silly lockFile 35a17a7b-gulp-flatten-0-0-2 gulp-flatten@^0.0.2
98 verbose lock gulp-flatten@^0.0.2 /home/joseph/.npm/35a17a7b-gulp-flatten-0-0-2.lock
99 verbose cache add [ 'gulp-imagemin@^0.2.0', null ]
100 verbose cache add name=undefined spec="gulp-imagemin@^0.2.0" args=["gulp-imagemin@^0.2.0",null]
101 verbose parsed url { protocol: null,
101 verbose parsed url   slashes: null,
101 verbose parsed url   auth: null,
101 verbose parsed url   host: null,
101 verbose parsed url   port: null,
101 verbose parsed url   hostname: null,
101 verbose parsed url   hash: null,
101 verbose parsed url   search: null,
101 verbose parsed url   query: null,
101 verbose parsed url   pathname: 'gulp-imagemin@^0.2.0',
101 verbose parsed url   path: 'gulp-imagemin@^0.2.0',
101 verbose parsed url   href: 'gulp-imagemin@^0.2.0' }
102 verbose cache add name="gulp-imagemin" spec="^0.2.0" args=["gulp-imagemin","^0.2.0"]
103 verbose parsed url { protocol: null,
103 verbose parsed url   slashes: null,
103 verbose parsed url   auth: null,
103 verbose parsed url   host: null,
103 verbose parsed url   port: null,
103 verbose parsed url   hostname: null,
103 verbose parsed url   hash: null,
103 verbose parsed url   search: null,
103 verbose parsed url   query: null,
103 verbose parsed url   pathname: '^0.2.0',
103 verbose parsed url   path: '^0.2.0',
103 verbose parsed url   href: '^0.2.0' }
104 verbose addNamed [ 'gulp-imagemin', '^0.2.0' ]
105 verbose addNamed [ null, '>=0.2.0-0 <0.3.0-0' ]
106 silly lockFile 3fea4ef3-gulp-imagemin-0-2-0 gulp-imagemin@^0.2.0
107 verbose lock gulp-imagemin@^0.2.0 /home/joseph/.npm/3fea4ef3-gulp-imagemin-0-2-0.lock
108 silly addNameRange { name: 'connect', range: '>=2.14.4-0 <3.0.0-0', hasData: false }
109 silly addNameRange { name: 'connect-livereload',
109 silly addNameRange   range: '>=0.4.0-0 <0.5.0-0',
109 silly addNameRange   hasData: false }
110 silly addNameRange { name: 'gulp-bower-files',
110 silly addNameRange   range: '>=0.2.1-0 <0.3.0-0',
110 silly addNameRange   hasData: false }
111 silly addNameRange { name: 'gulp', range: '>=3.6.0-0 <4.0.0-0', hasData: false }
112 silly addNameRange { name: 'gulp-cache',
112 silly addNameRange   range: '>=0.1.1-0 <0.2.0-0',
112 silly addNameRange   hasData: false }
113 silly addNameRange { name: 'gulp-autoprefixer', range: '=0.0.6', hasData: false }
114 verbose cache add [ 'gulp-jshint@^1.5.3', null ]
115 verbose cache add name=undefined spec="gulp-jshint@^1.5.3" args=["gulp-jshint@^1.5.3",null]
116 verbose parsed url { protocol: null,
116 verbose parsed url   slashes: null,
116 verbose parsed url   auth: null,
116 verbose parsed url   host: null,
116 verbose parsed url   port: null,
116 verbose parsed url   hostname: null,
116 verbose parsed url   hash: null,
116 verbose parsed url   search: null,
116 verbose parsed url   query: null,
116 verbose parsed url   pathname: 'gulp-jshint@^1.5.3',
116 verbose parsed url   path: 'gulp-jshint@^1.5.3',
116 verbose parsed url   href: 'gulp-jshint@^1.5.3' }
117 verbose cache add name="gulp-jshint" spec="^1.5.3" args=["gulp-jshint","^1.5.3"]
118 verbose parsed url { protocol: null,
118 verbose parsed url   slashes: null,
118 verbose parsed url   auth: null,
118 verbose parsed url   host: null,
118 verbose parsed url   port: null,
118 verbose parsed url   hostname: null,
118 verbose parsed url   hash: null,
118 verbose parsed url   search: null,
118 verbose parsed url   query: null,
118 verbose parsed url   pathname: '^1.5.3',
118 verbose parsed url   path: '^1.5.3',
118 verbose parsed url   href: '^1.5.3' }
119 verbose addNamed [ 'gulp-jshint', '^1.5.3' ]
120 verbose addNamed [ null, '>=1.5.3-0 <2.0.0-0' ]
121 silly lockFile 54f3e952-gulp-jshint-1-5-3 gulp-jshint@^1.5.3
122 verbose lock gulp-jshint@^1.5.3 /home/joseph/.npm/54f3e952-gulp-jshint-1-5-3.lock
123 verbose cache add [ 'gulp-livereload@^1.2.0', null ]
124 verbose cache add name=undefined spec="gulp-livereload@^1.2.0" args=["gulp-livereload@^1.2.0",null]
125 verbose parsed url { protocol: null,
125 verbose parsed url   slashes: null,
125 verbose parsed url   auth: null,
125 verbose parsed url   host: null,
125 verbose parsed url   port: null,
125 verbose parsed url   hostname: null,
125 verbose parsed url   hash: null,
125 verbose parsed url   search: null,
125 verbose parsed url   query: null,
125 verbose parsed url   pathname: 'gulp-livereload@^1.2.0',
125 verbose parsed url   path: 'gulp-livereload@^1.2.0',
125 verbose parsed url   href: 'gulp-livereload@^1.2.0' }
126 verbose cache add name="gulp-livereload" spec="^1.2.0" args=["gulp-livereload","^1.2.0"]
127 verbose parsed url { protocol: null,
127 verbose parsed url   slashes: null,
127 verbose parsed url   auth: null,
127 verbose parsed url   host: null,
127 verbose parsed url   port: null,
127 verbose parsed url   hostname: null,
127 verbose parsed url   hash: null,
127 verbose parsed url   search: null,
127 verbose parsed url   query: null,
127 verbose parsed url   pathname: '^1.2.0',
127 verbose parsed url   path: '^1.2.0',
127 verbose parsed url   href: '^1.2.0' }
128 verbose addNamed [ 'gulp-livereload', '^1.2.0' ]
129 verbose addNamed [ null, '>=1.2.0-0 <2.0.0-0' ]
130 silly lockFile 8b91b0dd-gulp-livereload-1-2-0 gulp-livereload@^1.2.0
131 verbose lock gulp-livereload@^1.2.0 /home/joseph/.npm/8b91b0dd-gulp-livereload-1-2-0.lock
132 verbose cache add [ 'gulp-load-plugins@^0.5.0', null ]
133 verbose cache add name=undefined spec="gulp-load-plugins@^0.5.0" args=["gulp-load-plugins@^0.5.0",null]
134 verbose parsed url { protocol: null,
134 verbose parsed url   slashes: null,
134 verbose parsed url   auth: null,
134 verbose parsed url   host: null,
134 verbose parsed url   port: null,
134 verbose parsed url   hostname: null,
134 verbose parsed url   hash: null,
134 verbose parsed url   search: null,
134 verbose parsed url   query: null,
134 verbose parsed url   pathname: 'gulp-load-plugins@^0.5.0',
134 verbose parsed url   path: 'gulp-load-plugins@^0.5.0',
134 verbose parsed url   href: 'gulp-load-plugins@^0.5.0' }
135 verbose cache add name="gulp-load-plugins" spec="^0.5.0" args=["gulp-load-plugins","^0.5.0"]
136 verbose parsed url { protocol: null,
136 verbose parsed url   slashes: null,
136 verbose parsed url   auth: null,
136 verbose parsed url   host: null,
136 verbose parsed url   port: null,
136 verbose parsed url   hostname: null,
136 verbose parsed url   hash: null,
136 verbose parsed url   search: null,
136 verbose parsed url   query: null,
136 verbose parsed url   pathname: '^0.5.0',
136 verbose parsed url   path: '^0.5.0',
136 verbose parsed url   href: '^0.5.0' }
137 verbose addNamed [ 'gulp-load-plugins', '^0.5.0' ]
138 verbose addNamed [ null, '>=0.5.0-0 <0.6.0-0' ]
139 silly lockFile 79f8e8a0-gulp-load-plugins-0-5-0 gulp-load-plugins@^0.5.0
140 verbose lock gulp-load-plugins@^0.5.0 /home/joseph/.npm/79f8e8a0-gulp-load-plugins-0-5-0.lock
141 verbose cache add [ 'gulp-ruby-sass@^0.4.3', null ]
142 verbose cache add name=undefined spec="gulp-ruby-sass@^0.4.3" args=["gulp-ruby-sass@^0.4.3",null]
143 verbose parsed url { protocol: null,
143 verbose parsed url   slashes: null,
143 verbose parsed url   auth: null,
143 verbose parsed url   host: null,
143 verbose parsed url   port: null,
143 verbose parsed url   hostname: null,
143 verbose parsed url   hash: null,
143 verbose parsed url   search: null,
143 verbose parsed url   query: null,
143 verbose parsed url   pathname: 'gulp-ruby-sass@^0.4.3',
143 verbose parsed url   path: 'gulp-ruby-sass@^0.4.3',
143 verbose parsed url   href: 'gulp-ruby-sass@^0.4.3' }
144 verbose cache add name="gulp-ruby-sass" spec="^0.4.3" args=["gulp-ruby-sass","^0.4.3"]
145 verbose parsed url { protocol: null,
145 verbose parsed url   slashes: null,
145 verbose parsed url   auth: null,
145 verbose parsed url   host: null,
145 verbose parsed url   port: null,
145 verbose parsed url   hostname: null,
145 verbose parsed url   hash: null,
145 verbose parsed url   search: null,
145 verbose parsed url   query: null,
145 verbose parsed url   pathname: '^0.4.3',
145 verbose parsed url   path: '^0.4.3',
145 verbose parsed url   href: '^0.4.3' }
146 verbose addNamed [ 'gulp-ruby-sass', '^0.4.3' ]
147 verbose addNamed [ null, '>=0.4.3-0 <0.5.0-0' ]
148 silly lockFile c2e98abe-gulp-ruby-sass-0-4-3 gulp-ruby-sass@^0.4.3
149 verbose lock gulp-ruby-sass@^0.4.3 /home/joseph/.npm/c2e98abe-gulp-ruby-sass-0-4-3.lock
150 verbose cache add [ 'gulp-size@^0.3.0', null ]
151 verbose cache add name=undefined spec="gulp-size@^0.3.0" args=["gulp-size@^0.3.0",null]
152 verbose parsed url { protocol: null,
152 verbose parsed url   slashes: null,
152 verbose parsed url   auth: null,
152 verbose parsed url   host: null,
152 verbose parsed url   port: null,
152 verbose parsed url   hostname: null,
152 verbose parsed url   hash: null,
152 verbose parsed url   search: null,
152 verbose parsed url   query: null,
152 verbose parsed url   pathname: 'gulp-size@^0.3.0',
152 verbose parsed url   path: 'gulp-size@^0.3.0',
152 verbose parsed url   href: 'gulp-size@^0.3.0' }
153 verbose cache add name="gulp-size" spec="^0.3.0" args=["gulp-size","^0.3.0"]
154 verbose parsed url { protocol: null,
154 verbose parsed url   slashes: null,
154 verbose parsed url   auth: null,
154 verbose parsed url   host: null,
154 verbose parsed url   port: null,
154 verbose parsed url   hostname: null,
154 verbose parsed url   hash: null,
154 verbose parsed url   search: null,
154 verbose parsed url   query: null,
154 verbose parsed url   pathname: '^0.3.0',
154 verbose parsed url   path: '^0.3.0',
154 verbose parsed url   href: '^0.3.0' }
155 verbose addNamed [ 'gulp-size', '^0.3.0' ]
156 verbose addNamed [ null, '>=0.3.0-0 <0.4.0-0' ]
157 silly lockFile 315dfff0-gulp-size-0-3-0 gulp-size@^0.3.0
158 verbose lock gulp-size@^0.3.0 /home/joseph/.npm/315dfff0-gulp-size-0-3-0.lock
159 verbose cache add [ 'gulp-uglify@^0.2.1', null ]
160 verbose cache add name=undefined spec="gulp-uglify@^0.2.1" args=["gulp-uglify@^0.2.1",null]
161 verbose parsed url { protocol: null,
161 verbose parsed url   slashes: null,
161 verbose parsed url   auth: null,
161 verbose parsed url   host: null,
161 verbose parsed url   port: null,
161 verbose parsed url   hostname: null,
161 verbose parsed url   hash: null,
161 verbose parsed url   search: null,
161 verbose parsed url   query: null,
161 verbose parsed url   pathname: 'gulp-uglify@^0.2.1',
161 verbose parsed url   path: 'gulp-uglify@^0.2.1',
161 verbose parsed url   href: 'gulp-uglify@^0.2.1' }
162 verbose cache add name="gulp-uglify" spec="^0.2.1" args=["gulp-uglify","^0.2.1"]
163 verbose parsed url { protocol: null,
163 verbose parsed url   slashes: null,
163 verbose parsed url   auth: null,
163 verbose parsed url   host: null,
163 verbose parsed url   port: null,
163 verbose parsed url   hostname: null,
163 verbose parsed url   hash: null,
163 verbose parsed url   search: null,
163 verbose parsed url   query: null,
163 verbose parsed url   pathname: '^0.2.1',
163 verbose parsed url   path: '^0.2.1',
163 verbose parsed url   href: '^0.2.1' }
164 verbose addNamed [ 'gulp-uglify', '^0.2.1' ]
165 verbose addNamed [ null, '>=0.2.1-0 <0.3.0-0' ]
166 silly lockFile 179021e4-gulp-uglify-0-2-1 gulp-uglify@^0.2.1
167 verbose lock gulp-uglify@^0.2.1 /home/joseph/.npm/179021e4-gulp-uglify-0-2-1.lock
168 verbose cache add [ 'gulp-useref@^0.3.1', null ]
169 verbose cache add name=undefined spec="gulp-useref@^0.3.1" args=["gulp-useref@^0.3.1",null]
170 verbose parsed url { protocol: null,
170 verbose parsed url   slashes: null,
170 verbose parsed url   auth: null,
170 verbose parsed url   host: null,
170 verbose parsed url   port: null,
170 verbose parsed url   hostname: null,
170 verbose parsed url   hash: null,
170 verbose parsed url   search: null,
170 verbose parsed url   query: null,
170 verbose parsed url   pathname: 'gulp-useref@^0.3.1',
170 verbose parsed url   path: 'gulp-useref@^0.3.1',
170 verbose parsed url   href: 'gulp-useref@^0.3.1' }
171 verbose cache add name="gulp-useref" spec="^0.3.1" args=["gulp-useref","^0.3.1"]
172 verbose parsed url { protocol: null,
172 verbose parsed url   slashes: null,
172 verbose parsed url   auth: null,
172 verbose parsed url   host: null,
172 verbose parsed url   port: null,
172 verbose parsed url   hostname: null,
172 verbose parsed url   hash: null,
172 verbose parsed url   search: null,
172 verbose parsed url   query: null,
172 verbose parsed url   pathname: '^0.3.1',
172 verbose parsed url   path: '^0.3.1',
172 verbose parsed url   href: '^0.3.1' }
173 verbose addNamed [ 'gulp-useref', '^0.3.1' ]
174 verbose addNamed [ null, '>=0.3.1-0 <0.4.0-0' ]
175 silly lockFile c951dc7f-gulp-useref-0-3-1 gulp-useref@^0.3.1
176 verbose lock gulp-useref@^0.3.1 /home/joseph/.npm/c951dc7f-gulp-useref-0-3-1.lock
177 verbose cache add [ 'jshint-stylish@^0.1.5', null ]
178 verbose cache add name=undefined spec="jshint-stylish@^0.1.5" args=["jshint-stylish@^0.1.5",null]
179 verbose parsed url { protocol: null,
179 verbose parsed url   slashes: null,
179 verbose parsed url   auth: null,
179 verbose parsed url   host: null,
179 verbose parsed url   port: null,
179 verbose parsed url   hostname: null,
179 verbose parsed url   hash: null,
179 verbose parsed url   search: null,
179 verbose parsed url   query: null,
179 verbose parsed url   pathname: 'jshint-stylish@^0.1.5',
179 verbose parsed url   path: 'jshint-stylish@^0.1.5',
179 verbose parsed url   href: 'jshint-stylish@^0.1.5' }
180 verbose cache add name="jshint-stylish" spec="^0.1.5" args=["jshint-stylish","^0.1.5"]
181 verbose parsed url { protocol: null,
181 verbose parsed url   slashes: null,
181 verbose parsed url   auth: null,
181 verbose parsed url   host: null,
181 verbose parsed url   port: null,
181 verbose parsed url   hostname: null,
181 verbose parsed url   hash: null,
181 verbose parsed url   search: null,
181 verbose parsed url   query: null,
181 verbose parsed url   pathname: '^0.1.5',
181 verbose parsed url   path: '^0.1.5',
181 verbose parsed url   href: '^0.1.5' }
182 verbose addNamed [ 'jshint-stylish', '^0.1.5' ]
183 verbose addNamed [ null, '>=0.1.5-0 <0.2.0-0' ]
184 silly lockFile 6a3f45e9-jshint-stylish-0-1-5 jshint-stylish@^0.1.5
185 verbose lock jshint-stylish@^0.1.5 /home/joseph/.npm/6a3f45e9-jshint-stylish-0-1-5.lock
186 silly addNameRange { name: 'gulp-clean',
186 silly addNameRange   range: '>=0.2.4-0 <0.3.0-0',
186 silly addNameRange   hasData: false }
187 silly addNameRange { name: 'gulp-csso',
187 silly addNameRange   range: '>=0.2.6-0 <0.3.0-0',
187 silly addNameRange   hasData: false }
188 silly addNameRange { name: 'gulp-filter',
188 silly addNameRange   range: '>=0.4.1-0 <0.5.0-0',
188 silly addNameRange   hasData: false }
189 silly addNameRange { name: 'gulp-flatten', range: '=0.0.2', hasData: false }
190 verbose cache add [ 'opn@^0.1.1', null ]
191 verbose cache add name=undefined spec="opn@^0.1.1" args=["opn@^0.1.1",null]
192 verbose parsed url { protocol: null,
192 verbose parsed url   slashes: null,
192 verbose parsed url   auth: null,
192 verbose parsed url   host: null,
192 verbose parsed url   port: null,
192 verbose parsed url   hostname: null,
192 verbose parsed url   hash: null,
192 verbose parsed url   search: null,
192 verbose parsed url   query: null,
192 verbose parsed url   pathname: 'opn@^0.1.1',
192 verbose parsed url   path: 'opn@^0.1.1',
192 verbose parsed url   href: 'opn@^0.1.1' }
193 verbose cache add name="opn" spec="^0.1.1" args=["opn","^0.1.1"]
194 verbose parsed url { protocol: null,
194 verbose parsed url   slashes: null,
194 verbose parsed url   auth: null,
194 verbose parsed url   host: null,
194 verbose parsed url   port: null,
194 verbose parsed url   hostname: null,
194 verbose parsed url   hash: null,
194 verbose parsed url   search: null,
194 verbose parsed url   query: null,
194 verbose parsed url   pathname: '^0.1.1',
194 verbose parsed url   path: '^0.1.1',
194 verbose parsed url   href: '^0.1.1' }
195 verbose addNamed [ 'opn', '^0.1.1' ]
196 verbose addNamed [ null, '>=0.1.1-0 <0.2.0-0' ]
197 silly lockFile 4ecb2975-opn-0-1-1 opn@^0.1.1
198 verbose lock opn@^0.1.1 /home/joseph/.npm/4ecb2975-opn-0-1-1.lock
199 verbose cache add [ 'wiredep@^1.4.3', null ]
200 verbose cache add name=undefined spec="wiredep@^1.4.3" args=["wiredep@^1.4.3",null]
201 verbose parsed url { protocol: null,
201 verbose parsed url   slashes: null,
201 verbose parsed url   auth: null,
201 verbose parsed url   host: null,
201 verbose parsed url   port: null,
201 verbose parsed url   hostname: null,
201 verbose parsed url   hash: null,
201 verbose parsed url   search: null,
201 verbose parsed url   query: null,
201 verbose parsed url   pathname: 'wiredep@^1.4.3',
201 verbose parsed url   path: 'wiredep@^1.4.3',
201 verbose parsed url   href: 'wiredep@^1.4.3' }
202 verbose cache add name="wiredep" spec="^1.4.3" args=["wiredep","^1.4.3"]
203 verbose parsed url { protocol: null,
203 verbose parsed url   slashes: null,
203 verbose parsed url   auth: null,
203 verbose parsed url   host: null,
203 verbose parsed url   port: null,
203 verbose parsed url   hostname: null,
203 verbose parsed url   hash: null,
203 verbose parsed url   search: null,
203 verbose parsed url   query: null,
203 verbose parsed url   pathname: '^1.4.3',
203 verbose parsed url   path: '^1.4.3',
203 verbose parsed url   href: '^1.4.3' }
204 verbose addNamed [ 'wiredep', '^1.4.3' ]
205 verbose addNamed [ null, '>=1.4.3-0 <2.0.0-0' ]
206 silly lockFile e5c432cb-wiredep-1-4-3 wiredep@^1.4.3
207 verbose lock wiredep@^1.4.3 /home/joseph/.npm/e5c432cb-wiredep-1-4-3.lock
208 verbose cache add [ 'gulp-concat@^2.2.0', null ]
209 verbose cache add name=undefined spec="gulp-concat@^2.2.0" args=["gulp-concat@^2.2.0",null]
210 verbose parsed url { protocol: null,
210 verbose parsed url   slashes: null,
210 verbose parsed url   auth: null,
210 verbose parsed url   host: null,
210 verbose parsed url   port: null,
210 verbose parsed url   hostname: null,
210 verbose parsed url   hash: null,
210 verbose parsed url   search: null,
210 verbose parsed url   query: null,
210 verbose parsed url   pathname: 'gulp-concat@^2.2.0',
210 verbose parsed url   path: 'gulp-concat@^2.2.0',
210 verbose parsed url   href: 'gulp-concat@^2.2.0' }
211 verbose cache add name="gulp-concat" spec="^2.2.0" args=["gulp-concat","^2.2.0"]
212 verbose parsed url { protocol: null,
212 verbose parsed url   slashes: null,
212 verbose parsed url   auth: null,
212 verbose parsed url   host: null,
212 verbose parsed url   port: null,
212 verbose parsed url   hostname: null,
212 verbose parsed url   hash: null,
212 verbose parsed url   search: null,
212 verbose parsed url   query: null,
212 verbose parsed url   pathname: '^2.2.0',
212 verbose parsed url   path: '^2.2.0',
212 verbose parsed url   href: '^2.2.0' }
213 verbose addNamed [ 'gulp-concat', '^2.2.0' ]
214 verbose addNamed [ null, '>=2.2.0-0 <3.0.0-0' ]
215 silly lockFile bade1119-gulp-concat-2-2-0 gulp-concat@^2.2.0
216 verbose lock gulp-concat@^2.2.0 /home/joseph/.npm/bade1119-gulp-concat-2-2-0.lock
217 silly addNameRange { name: 'gulp-imagemin',
217 silly addNameRange   range: '>=0.2.0-0 <0.3.0-0',
217 silly addNameRange   hasData: false }
218 silly addNameRange { name: 'gulp-jshint',
218 silly addNameRange   range: '>=1.5.3-0 <2.0.0-0',
218 silly addNameRange   hasData: false }
219 silly addNameRange { name: 'gulp-livereload',
219 silly addNameRange   range: '>=1.2.0-0 <2.0.0-0',
219 silly addNameRange   hasData: false }
220 silly addNameRange { name: 'gulp-load-plugins',
220 silly addNameRange   range: '>=0.5.0-0 <0.6.0-0',
220 silly addNameRange   hasData: false }
221 silly addNameRange { name: 'gulp-ruby-sass',
221 silly addNameRange   range: '>=0.4.3-0 <0.5.0-0',
221 silly addNameRange   hasData: false }
222 silly addNameRange { name: 'gulp-size',
222 silly addNameRange   range: '>=0.3.0-0 <0.4.0-0',
222 silly addNameRange   hasData: false }
223 silly addNameRange { name: 'gulp-uglify',
223 silly addNameRange   range: '>=0.2.1-0 <0.3.0-0',
223 silly addNameRange   hasData: false }
224 silly addNameRange { name: 'gulp-useref',
224 silly addNameRange   range: '>=0.3.1-0 <0.4.0-0',
224 silly addNameRange   hasData: false }
225 silly addNameRange { name: 'jshint-stylish',
225 silly addNameRange   range: '>=0.1.5-0 <0.2.0-0',
225 silly addNameRange   hasData: false }
226 silly addNameRange { name: 'opn', range: '>=0.1.1-0 <0.2.0-0', hasData: false }
227 silly addNameRange { name: 'wiredep', range: '>=1.4.3-0 <2.0.0-0', hasData: false }
228 silly addNameRange { name: 'gulp-concat',
228 silly addNameRange   range: '>=2.2.0-0 <3.0.0-0',
228 silly addNameRange   hasData: false }
229 verbose url raw connect-livereload
230 verbose url resolving [ 'http://registry.npmjs.org/', './connect-livereload' ]
231 verbose url resolved http://registry.npmjs.org/connect-livereload
232 info trying registry request attempt 1 at 23:58:28
233 verbose etag "51GPTZ2HJH7AFEAGKBLUTCW72"
234 http GET http://registry.npmjs.org/connect-livereload
235 verbose url raw gulp-bower-files
236 verbose url resolving [ 'http://registry.npmjs.org/', './gulp-bower-files' ]
237 verbose url resolved http://registry.npmjs.org/gulp-bower-files
238 info trying registry request attempt 1 at 23:58:28
239 verbose etag "B3GTUOUPYDWLMGH3JMNKW3CNQ"
240 http GET http://registry.npmjs.org/gulp-bower-files
241 verbose url raw gulp
242 verbose url resolving [ 'http://registry.npmjs.org/', './gulp' ]
243 verbose url resolved http://registry.npmjs.org/gulp
244 info trying registry request attempt 1 at 23:58:28
245 verbose etag "ET18JZB1KCAQAO5IOM3IGIVB9"
246 http GET http://registry.npmjs.org/gulp
247 verbose url raw gulp-cache
248 verbose url resolving [ 'http://registry.npmjs.org/', './gulp-cache' ]
249 verbose url resolved http://registry.npmjs.org/gulp-cache
250 info trying registry request attempt 1 at 23:58:28
251 verbose etag "CRQD3Q8SZJG96T9PPUUAYPFY6"
252 http GET http://registry.npmjs.org/gulp-cache
253 verbose url raw connect
254 verbose url resolving [ 'http://registry.npmjs.org/', './connect' ]
255 verbose url resolved http://registry.npmjs.org/connect
256 info trying registry request attempt 1 at 23:58:28
257 verbose etag "E6QAGQ2DL1I5VRMFU19X4LO58"
258 http GET http://registry.npmjs.org/connect
259 verbose url raw gulp-autoprefixer
260 verbose url resolving [ 'http://registry.npmjs.org/', './gulp-autoprefixer' ]
261 verbose url resolved http://registry.npmjs.org/gulp-autoprefixer
262 info trying registry request attempt 1 at 23:58:28
263 verbose etag "EG90YRR0URP48H6FJ0TEHLBXL"
264 http GET http://registry.npmjs.org/gulp-autoprefixer
265 verbose url raw gulp-clean
266 verbose url resolving [ 'http://registry.npmjs.org/', './gulp-clean' ]
267 verbose url resolved http://registry.npmjs.org/gulp-clean
268 info trying registry request attempt 1 at 23:58:28
269 verbose etag "K92M9CGP4VI723K6G6AXQTOG"
270 http GET http://registry.npmjs.org/gulp-clean
271 verbose url raw gulp-csso
272 verbose url resolving [ 'http://registry.npmjs.org/', './gulp-csso' ]
273 verbose url resolved http://registry.npmjs.org/gulp-csso
274 info trying registry request attempt 1 at 23:58:28
275 verbose etag "ASKP7ZES00LZD2FSP5UTKGQQ4"
276 http GET http://registry.npmjs.org/gulp-csso
277 verbose url raw gulp-filter
278 verbose url resolving [ 'http://registry.npmjs.org/', './gulp-filter' ]
279 verbose url resolved http://registry.npmjs.org/gulp-filter
280 info trying registry request attempt 1 at 23:58:28
281 verbose etag "2TW9MLPNJMX256XID1ZY9PY9S"
282 http GET http://registry.npmjs.org/gulp-filter
283 verbose url raw gulp-flatten
284 verbose url resolving [ 'http://registry.npmjs.org/', './gulp-flatten' ]
285 verbose url resolved http://registry.npmjs.org/gulp-flatten
286 info trying registry request attempt 1 at 23:58:28
287 verbose etag "5UM8ZFKDYDAQBB6GP9Y394SVR"
288 http GET http://registry.npmjs.org/gulp-flatten
289 verbose url raw gulp-imagemin
290 verbose url resolving [ 'http://registry.npmjs.org/', './gulp-imagemin' ]
291 verbose url resolved http://registry.npmjs.org/gulp-imagemin
292 info trying registry request attempt 1 at 23:58:28
293 verbose etag "8K2PDV1MR1TEHX60ZSGW6B78U"
294 http GET http://registry.npmjs.org/gulp-imagemin
295 verbose url raw gulp-jshint
296 verbose url resolving [ 'http://registry.npmjs.org/', './gulp-jshint' ]
297 verbose url resolved http://registry.npmjs.org/gulp-jshint
298 info trying registry request attempt 1 at 23:58:28
299 verbose etag "8H81ZUWA70H1DSU7C9N7XJ1GW"
300 http GET http://registry.npmjs.org/gulp-jshint
301 verbose url raw gulp-livereload
302 verbose url resolving [ 'http://registry.npmjs.org/', './gulp-livereload' ]
303 verbose url resolved http://registry.npmjs.org/gulp-livereload
304 info trying registry request attempt 1 at 23:58:28
305 verbose etag "ET2O2YHGLKSXK9H6Y3746UDZ0"
306 http GET http://registry.npmjs.org/gulp-livereload
307 verbose url raw gulp-load-plugins
308 verbose url resolving [ 'http://registry.npmjs.org/', './gulp-load-plugins' ]
309 verbose url resolved http://registry.npmjs.org/gulp-load-plugins
310 info trying registry request attempt 1 at 23:58:28
311 verbose etag "7SB7SY6NZ6879JGTSP64UYTEM"
312 http GET http://registry.npmjs.org/gulp-load-plugins
313 verbose url raw gulp-ruby-sass
314 verbose url resolving [ 'http://registry.npmjs.org/', './gulp-ruby-sass' ]
315 verbose url resolved http://registry.npmjs.org/gulp-ruby-sass
316 info trying registry request attempt 1 at 23:58:28
317 verbose etag "9W5X3HFXRYGIML20NW5P6D4IA"
318 http GET http://registry.npmjs.org/gulp-ruby-sass
319 verbose url raw gulp-size
320 verbose url resolving [ 'http://registry.npmjs.org/', './gulp-size' ]
321 verbose url resolved http://registry.npmjs.org/gulp-size
322 info trying registry request attempt 1 at 23:58:28
323 verbose etag "5FLIK496M2B8EQ7EA2U6YHPHP"
324 http GET http://registry.npmjs.org/gulp-size
325 verbose url raw gulp-uglify
326 verbose url resolving [ 'http://registry.npmjs.org/', './gulp-uglify' ]
327 verbose url resolved http://registry.npmjs.org/gulp-uglify
328 info trying registry request attempt 1 at 23:58:28
329 verbose etag "A3HUW75HFNPN4ZVDK8F585SVD"
330 http GET http://registry.npmjs.org/gulp-uglify
331 verbose url raw gulp-useref
332 verbose url resolving [ 'http://registry.npmjs.org/', './gulp-useref' ]
333 verbose url resolved http://registry.npmjs.org/gulp-useref
334 info trying registry request attempt 1 at 23:58:28
335 verbose etag "UWHBD8ZSTP6UYNJ27B3BOJIM"
336 http GET http://registry.npmjs.org/gulp-useref
337 verbose url raw jshint-stylish
338 verbose url resolving [ 'http://registry.npmjs.org/', './jshint-stylish' ]
339 verbose url resolved http://registry.npmjs.org/jshint-stylish
340 info trying registry request attempt 1 at 23:58:28
341 verbose etag "7QNCH6BX38WT5NBBKDZCU2BU4"
342 http GET http://registry.npmjs.org/jshint-stylish
343 verbose url raw gulp-concat
344 verbose url resolving [ 'http://registry.npmjs.org/', './gulp-concat' ]
345 verbose url resolved http://registry.npmjs.org/gulp-concat
346 info trying registry request attempt 1 at 23:58:28
347 verbose etag "B5FRWY9YWQGHEGUKW3W5A0ZRB"
348 http GET http://registry.npmjs.org/gulp-concat
349 verbose url raw wiredep
350 verbose url resolving [ 'http://registry.npmjs.org/', './wiredep' ]
351 verbose url resolved http://registry.npmjs.org/wiredep
352 info trying registry request attempt 1 at 23:58:28
353 verbose etag "5IEMSW5EV78PJ24NTK4P1E4HO"
354 http GET http://registry.npmjs.org/wiredep
355 verbose url raw opn
356 verbose url resolving [ 'http://registry.npmjs.org/', './opn' ]
357 verbose url resolved http://registry.npmjs.org/opn
358 info trying registry request attempt 1 at 23:58:28
359 verbose etag "7YLPWJI21E7XTHCJVESPUA0FK"
360 http GET http://registry.npmjs.org/opn
361 http 304 http://registry.npmjs.org/connect-livereload
362 silly registry.get cb [ 304,
362 silly registry.get   { date: 'Thu, 24 Apr 2014 22:58:53 GMT',
362 silly registry.get     via: '1.1 varnish',
362 silly registry.get     'last-modified': 'Thu, 24 Apr 2014 22:30:47 GMT',
362 silly registry.get     'cache-control': 'max-age=1',
362 silly registry.get     etag: '"51GPTZ2HJH7AFEAGKBLUTCW72"',
362 silly registry.get     connection: 'keep-alive',
362 silly registry.get     'x-served-by': 'cache-lcy1134-LCY',
362 silly registry.get     'x-cache': 'HIT',
362 silly registry.get     'x-cache-hits': '2',
362 silly registry.get     'x-timer': 'S1398380333.353803635,VS0,VE0',
362 silly registry.get     vary: 'Accept' } ]
363 verbose etag connect-livereload from cache
364 silly addNameRange number 2 { name: 'connect-livereload',
364 silly addNameRange   range: '>=0.4.0-0 <0.5.0-0',
364 silly addNameRange   hasData: true }
365 silly addNameRange versions [ 'connect-livereload',
365 silly addNameRange   [ '0.0.2',
365 silly addNameRange     '0.0.3',
365 silly addNameRange     '0.1.0',
365 silly addNameRange     '0.1.1',
365 silly addNameRange     '0.1.2',
365 silly addNameRange     '0.1.3',
365 silly addNameRange     '0.1.4',
365 silly addNameRange     '0.2.0',
365 silly addNameRange     '0.3.0',
365 silly addNameRange     '0.3.1',
365 silly addNameRange     '0.3.2' ] ]
366 silly lockFile 07e39cc6-connect-livereload-0-4-0 connect-livereload@^0.4.0
367 silly lockFile 07e39cc6-connect-livereload-0-4-0 connect-livereload@^0.4.0
368 error notarget No compatible version found: connect-livereload@'>=0.4.0-0 <0.5.0-0'
368 error notarget Valid install targets:
368 error notarget ["0.0.2","0.0.3","0.1.0","0.1.1","0.1.2","0.1.3","0.1.4","0.2.0","0.3.0","0.3.1","0.3.2"]
368 error notarget
368 error notarget This is most likely not a problem with npm itself.
368 error notarget In most cases you or one of your dependencies are requesting
368 error notarget a package version that doesn't exist.
369 error System Linux 3.2.0-58-generic
370 error command "/usr/local/bin/node" "/usr/local/bin/npm" "install"
371 error cwd /home/joseph/www/foreman-test
372 error node -v v0.10.26
373 error npm -v 1.4.3
374 error code ETARGET
375 verbose exit [ 1, true ]
